<?xml version="1.0" encoding="UTF-8"?>
<testsuite name="service.TotalTravelCostTest" tests="3" skipped="0" failures="0" errors="0" timestamp="2021-01-31T07:51:40" hostname="in-Hemanthacharya.local" time="0.008">
  <properties/>
  <testcase name="calculateDailyTotalFare" classname="service.TotalTravelCostTest" time="0.003"/>
  <testcase name="calculateMultiWeeklyTotalFare" classname="service.TotalTravelCostTest" time="0.002"/>
  <testcase name="calculateWeeklyTotalFare" classname="service.TotalTravelCostTest" time="0.002"/>
  <system-out><![CDATA[]]></system-out>
  <system-err><![CDATA[]]></system-err>
</testsuite>
