<?xml version="1.0" encoding="UTF-8"?>
<testsuite name="utils.ProcessTravelDetailsTest" tests="1" skipped="0" failures="0" errors="0" timestamp="2021-01-31T07:51:40" hostname="in-Hemanthacharya.local" time="0.001">
  <properties/>
  <testcase name="determineAppropriatePrice" classname="utils.ProcessTravelDetailsTest" time="0.001"/>
  <system-out><![CDATA[]]></system-out>
  <system-err><![CDATA[]]></system-err>
</testsuite>
